<?xml version="1.0" encoding="UTF-8"?>
<robot generator="Robot 5.0.1 (Python 3.9.13 on darwin)" generated="20221128 16:11:20.432" rpa="false" schemaversion="3">
<suite id="s1" name="Robot Interactive Console" source="/Users/jeanneendres/.vscode/extensions/robocorp.robotframework-lsp-1.5.0/src/robotframework_ls/vendored/robotframework_interactive/robot_interactive_console.robot">
<test id="s1-t1" name="Default Task/Test" line="5">
<kw name="Interpreter Main Loop" library="MainLoop">
<kw name="Open Available Browser" library="RPA.Browser.Selenium">
<doc>Attempts to open a browser on the user's device from a set of
supported browsers. Automatically downloads a corresponding webdriver
if none is already installed.</doc>
<status status="PASS" starttime="20221128 16:11:28.568" endtime="20221128 16:11:34.745"/>
</kw>
<kw name="Open Available Browser (RPA.Browser.Selenium)*">
<msg timestamp="20221128 16:12:21.391" level="FAIL">No keyword with name 'Open Available Browser (RPA.Browser.Selenium)*' found.</msg>
<status status="FAIL" starttime="20221128 16:12:21.390" endtime="20221128 16:12:21.391"/>
</kw>
<kw name="Open Available Browser" library="RPA.Browser.Selenium">
<doc>Attempts to open a browser on the user's device from a set of
supported browsers. Automatically downloads a corresponding webdriver
if none is already installed.</doc>
<status status="PASS" starttime="20221128 16:15:21.088" endtime="20221128 16:15:27.496"/>
</kw>
<kw name="Open Available Browser" library="RPA.Browser.Selenium">
<doc>Attempts to open a browser on the user's device from a set of
supported browsers. Automatically downloads a corresponding webdriver
if none is already installed.</doc>
<status status="PASS" starttime="20221128 16:16:37.829" endtime="20221128 16:16:43.319"/>
</kw>
<kw name="Open User Browser" library="RPA.Browser.Selenium">
<arg>url</arg>
<doc>Open URL with user's default browser</doc>
<status status="PASS" starttime="20221128 16:18:42.968" endtime="20221128 16:18:43.285"/>
</kw>
<kw name="Open Available Browser" library="RPA.Browser.Selenium">
<doc>Attempts to open a browser on the user's device from a set of
supported browsers. Automatically downloads a corresponding webdriver
if none is already installed.</doc>
<status status="PASS" starttime="20221128 16:23:11.329" endtime="20221128 16:23:17.798"/>
</kw>
<kw name="Open Available Browser" library="RPA.Browser.Selenium">
<doc>Attempts to open a browser on the user's device from a set of
supported browsers. Automatically downloads a corresponding webdriver
if none is already installed.</doc>
<status status="PASS" starttime="20221128 16:26:02.286" endtime="20221128 16:26:08.453"/>
</kw>
<kw name="Open Available Browser" library="RPA.Browser.Selenium">
<arg>https://robotsparebinindustries.com/</arg>
<doc>Attempts to open a browser on the user's device from a set of
supported browsers. Automatically downloads a corresponding webdriver
if none is already installed.</doc>
<status status="PASS" starttime="20221128 16:29:08.048" endtime="20221128 16:29:15.580"/>
</kw>
<kw name="Open Available Browser" library="RPA.Browser.Selenium">
<arg>https://robotsparebinindustries.com/</arg>
<doc>Attempts to open a browser on the user's device from a set of
supported browsers. Automatically downloads a corresponding webdriver
if none is already installed.</doc>
<status status="PASS" starttime="20221128 16:29:54.091" endtime="20221128 16:30:01.121"/>
</kw>
<kw name="Open Available Browser" library="RPA.Browser.Selenium">
<arg>https://robotsparebinindustries.com/</arg>
<doc>Attempts to open a browser on the user's device from a set of
supported browsers. Automatically downloads a corresponding webdriver
if none is already installed.</doc>
<status status="PASS" starttime="20221128 16:30:21.604" endtime="20221128 16:30:27.768"/>
</kw>
<kw name="Open Available Browser" library="RPA.Browser.Selenium">
<arg>https://robotsparebinindustries.com/</arg>
<doc>Attempts to open a browser on the user's device from a set of
supported browsers. Automatically downloads a corresponding webdriver
if none is already installed.</doc>
<status status="PASS" starttime="20221128 16:40:49.464" endtime="20221128 16:40:57.319"/>
</kw>
<kw name="Input Text" library="RPA.Browser.Selenium">
<arg>username</arg>
<arg>maria</arg>
<doc>Types the given ``text`` into the text field identified by ``locator``.</doc>
<msg timestamp="20221128 16:42:24.221" level="FAIL">NoSuchWindowException: Message: no such window: target window already closed
from unknown error: web view not found
  (Session info: chrome=107.0.5304.121)
Stacktrace:
0   chromedriver                        0x00000001045482c8 chromedriver + 4752072
1   chromedriver                        0x00000001044c8463 chromedriver + 4228195
2   chromedriver                        0x000000010412bb18 chromedriver + 441112
3   chromedriver                        0x0000000104108210 chromedriver + 295440
4   chromedriver                        0x000000010418de3d chromedriver + 843325
5   chromedriver                        0x00000001041a1719 chromedriver + 923417
6   chromedriver                        0x0000000104189b33 chromedriver + 826163
7   chromedriver                        0x000000010415a9fd chromedriver + 633341
8   chromedriver                        0x000000010415c051 chromedriver + 639057
9   chromedriver                        0x000000010451530e chromedriver + 4543246
10  chromedriver                        0x0000000104519a88 chromedriver + 4561544
11  chromedriver                        0x00000001045216df chromedriver + 4593375
12  chromedriver                        0x000000010451a8fa chromedriver + 4565242
13  chromedriver                        0x00000001044f02cf chromedriver + 4391631
14  chromedriver                        0x00000001045395b8 chromedriver + 4691384
15  chromedriver                        0x0000000104539739 chromedriver + 4691769
16  chromedriver                        0x000000010454f81e chromedriver + 4782110
17  libsystem_pthread.dylib             0x00007ff8137ef259 _pthread_start + 125
18  libsystem_pthread.dylib             0x00007ff8137eac7b thread_start + 15
</msg>
<status status="FAIL" starttime="20221128 16:42:24.213" endtime="20221128 16:42:24.225"/>
</kw>
<kw name="Open Available Browser" library="RPA.Browser.Selenium">
<arg>https://robotsparebinindustries.com/</arg>
<doc>Attempts to open a browser on the user's device from a set of
supported browsers. Automatically downloads a corresponding webdriver
if none is already installed.</doc>
<status status="PASS" starttime="20221128 16:42:36.748" endtime="20221128 16:42:43.666"/>
</kw>
<kw name="Open Available Browser" library="RPA.Browser.Selenium">
<arg>https://robotsparebinindustries.com/</arg>
<doc>Attempts to open a browser on the user's device from a set of
supported browsers. Automatically downloads a corresponding webdriver
if none is already installed.</doc>
<status status="PASS" starttime="20221128 16:43:29.853" endtime="20221128 16:43:35.671"/>
</kw>
<kw name="Input Text" library="RPA.Browser.Selenium">
<arg>username</arg>
<arg>maria</arg>
<doc>Types the given ``text`` into the text field identified by ``locator``.</doc>
<status status="PASS" starttime="20221128 16:43:41.820" endtime="20221128 16:43:42.214"/>
</kw>
<kw name="Input Text" library="RPA.Browser.Selenium">
<arg>password</arg>
<arg>thoushallnotpass</arg>
<doc>Types the given ``text`` into the text field identified by ``locator``.</doc>
<status status="PASS" starttime="20221128 16:44:31.015" endtime="20221128 16:44:31.218"/>
</kw>
<kw name="Click Button" library="RPA.Browser.Selenium">
<arg>submit</arg>
<doc>Clicks the button identified by ``locator``.</doc>
<msg timestamp="20221128 17:14:42.989" level="FAIL">NoSuchWindowException: Message: no such window: target window already closed
from unknown error: web view not found
  (Session info: chrome=107.0.5304.121)
Stacktrace:
0   chromedriver                        0x00000001053642c8 chromedriver + 4752072
1   chromedriver                        0x00000001052e4463 chromedriver + 4228195
2   chromedriver                        0x0000000104f47b18 chromedriver + 441112
3   chromedriver                        0x0000000104f24210 chromedriver + 295440
4   chromedriver                        0x0000000104fa9e3d chromedriver + 843325
5   chromedriver                        0x0000000104fbd719 chromedriver + 923417
6   chromedriver                        0x0000000104fa5b33 chromedriver + 826163
7   chromedriver                        0x0000000104f769fd chromedriver + 633341
8   chromedriver                        0x0000000104f78051 chromedriver + 639057
9   chromedriver                        0x000000010533130e chromedriver + 4543246
10  chromedriver                        0x0000000105335a88 chromedriver + 4561544
11  chromedriver                        0x000000010533d6df chromedriver + 4593375
12  chromedriver                        0x00000001053368fa chromedriver + 4565242
13  chromedriver                        0x000000010530c2cf chromedriver + 4391631
14  chromedriver                        0x00000001053555b8 chromedriver + 4691384
15  chromedriver                        0x0000000105355739 chromedriver + 4691769
16  chromedriver                        0x000000010536b81e chromedriver + 4782110
17  libsystem_pthread.dylib             0x00007ff8137ef259 _pthread_start + 125
18  libsystem_pthread.dylib             0x00007ff8137eac7b thread_start + 15
</msg>
<status status="FAIL" starttime="20221128 17:14:42.968" endtime="20221128 17:14:42.991"/>
</kw>
<kw name="Submit Form" library="RPA.Browser.Selenium">
<doc>Submits a form identified by ``locator``.</doc>
<msg timestamp="20221128 17:17:52.086" level="FAIL">NoSuchWindowException: Message: no such window: target window already closed
from unknown error: web view not found
  (Session info: chrome=107.0.5304.121)
Stacktrace:
0   chromedriver                        0x00000001053642c8 chromedriver + 4752072
1   chromedriver                        0x00000001052e4463 chromedriver + 4228195
2   chromedriver                        0x0000000104f47b18 chromedriver + 441112
3   chromedriver                        0x0000000104f24210 chromedriver + 295440
4   chromedriver                        0x0000000104fa9e3d chromedriver + 843325
5   chromedriver                        0x0000000104fbd719 chromedriver + 923417
6   chromedriver                        0x0000000104fa5b33 chromedriver + 826163
7   chromedriver                        0x0000000104f769fd chromedriver + 633341
8   chromedriver                        0x0000000104f78051 chromedriver + 639057
9   chromedriver                        0x000000010533130e chromedriver + 4543246
10  chromedriver                        0x0000000105335a88 chromedriver + 4561544
11  chromedriver                        0x000000010533d6df chromedriver + 4593375
12  chromedriver                        0x00000001053368fa chromedriver + 4565242
13  chromedriver                        0x000000010530c2cf chromedriver + 4391631
14  chromedriver                        0x00000001053555b8 chromedriver + 4691384
15  chromedriver                        0x0000000105355739 chromedriver + 4691769
16  chromedriver                        0x000000010536b81e chromedriver + 4782110
17  libsystem_pthread.dylib             0x00007ff8137ef259 _pthread_start + 125
18  libsystem_pthread.dylib             0x00007ff8137eac7b thread_start + 15
</msg>
<status status="FAIL" starttime="20221128 17:17:52.081" endtime="20221128 17:17:52.086"/>
</kw>
<kw name="Open the intranet website">
<msg timestamp="20221128 17:17:58.753" level="FAIL">User keyword 'Open the intranet website' contains no keywords.</msg>
<status status="FAIL" starttime="20221128 17:17:58.753" endtime="20221128 17:17:58.753"/>
</kw>
<kw name="Open the intranet website">
<msg timestamp="20221128 17:18:03.358" level="FAIL">User keyword 'Open the intranet website' contains no keywords.</msg>
<status status="FAIL" starttime="20221128 17:18:03.357" endtime="20221128 17:18:03.358"/>
</kw>
<kw name="Open Available Browser" library="RPA.Browser.Selenium">
<arg>https://robotsparebinindustries.com/</arg>
<doc>Attempts to open a browser on the user's device from a set of
supported browsers. Automatically downloads a corresponding webdriver
if none is already installed.</doc>
<status status="PASS" starttime="20221128 17:18:19.471" endtime="20221128 17:18:26.391"/>
</kw>
<kw name="https://robotsparebinindustries.com/">
<msg timestamp="20221128 17:18:27.503" level="FAIL">No keyword with name 'https://robotsparebinindustries.com/' found.</msg>
<status status="FAIL" starttime="20221128 17:18:27.502" endtime="20221128 17:18:27.503"/>
</kw>
<kw name="Input Text" library="RPA.Browser.Selenium">
<arg>password</arg>
<arg>thoushallnotpass</arg>
<doc>Types the given ``text`` into the text field identified by ``locator``.</doc>
<status status="PASS" starttime="20221128 17:18:34.676" endtime="20221128 17:18:35.180"/>
</kw>
<kw name="Input Text" library="RPA.Browser.Selenium">
<arg>username</arg>
<arg>maria</arg>
<doc>Types the given ``text`` into the text field identified by ``locator``.</doc>
<status status="PASS" starttime="20221128 17:19:03.754" endtime="20221128 17:19:03.831"/>
</kw>
<kw name="Submit Form" library="RPA.Browser.Selenium">
<doc>Submits a form identified by ``locator``.</doc>
<status status="PASS" starttime="20221128 17:19:10.365" endtime="20221128 17:19:10.410"/>
</kw>
<kw name="Select From List By Value" library="RPA.Browser.Selenium">
<arg>salestarget</arg>
<arg>10000</arg>
<doc>Selects options from selection list ``locator`` by ``values``.</doc>
<msg timestamp="20221128 17:27:22.267" level="FAIL">NoSuchWindowException: Message: no such window: target window already closed
from unknown error: web view not found
  (Session info: chrome=107.0.5304.121)
Stacktrace:
0   chromedriver                        0x00000001007012c8 chromedriver + 4752072
1   chromedriver                        0x0000000100681463 chromedriver + 4228195
2   chromedriver                        0x00000001002e4b18 chromedriver + 441112
3   chromedriver                        0x00000001002c1210 chromedriver + 295440
4   chromedriver                        0x0000000100346e3d chromedriver + 843325
5   chromedriver                        0x000000010035a719 chromedriver + 923417
6   chromedriver                        0x0000000100342b33 chromedriver + 826163
7   chromedriver                        0x00000001003139fd chromedriver + 633341
8   chromedriver                        0x0000000100315051 chromedriver + 639057
9   chromedriver                        0x00000001006ce30e chromedriver + 4543246
10  chromedriver                        0x00000001006d2a88 chromedriver + 4561544
11  chromedriver                        0x00000001006da6df chromedriver + 4593375
12  chromedriver                        0x00000001006d38fa chromedriver + 4565242
13  chromedriver                        0x00000001006a92cf chromedriver + 4391631
14  chromedriver                        0x00000001006f25b8 chromedriver + 4691384
15  chromedriver                        0x00000001006f2739 chromedriver + 4691769
16  chromedriver                        0x000000010070881e chromedriver + 4782110
17  libsystem_pthread.dylib             0x00007ff8137ef259 _pthread_start + 125
18  libsystem_pthread.dylib             0x00007ff8137eac7b thread_start + 15
</msg>
<status status="FAIL" starttime="20221128 17:27:22.258" endtime="20221128 17:27:22.268"/>
</kw>
<kw name="Wait For Condition" library="RPA.Browser.Selenium">
<arg>timeout 2000</arg>
<doc>Waits until ``condition`` is true or ``timeout`` expires.</doc>
<msg timestamp="20221129 09:14:53.580" level="FAIL">ValueError: Condition 'timeout 2000' did not have mandatory 'return'.</msg>
<status status="FAIL" starttime="20221129 09:14:53.561" endtime="20221129 09:14:53.582"/>
</kw>
